The system is: Linux - 3.0.0-25-generic - i686
Compiling the C compiler identification source file "CMakeCCompilerId.c" succeeded.
Compiler: /usr/bin/gcc 
Build flags: 
Id flags: 

The output was:
0


Compilation of the C compiler identification source "CMakeCCompilerId.c" produced "a.out"

The C compiler identification is GNU, found in "/home/dev/OpengL/cube/CMakeFiles/CompilerIdC/a.out"

Compiling the CXX compiler identification source file "CMakeCXXCompilerId.cpp" succeeded.
Compiler: /usr/bin/c++ 
Build flags: 
Id flags: 

The output was:
0


Compilation of the CXX compiler identification source "CMakeCXXCompilerId.cpp" produced "a.out"

The CXX compiler identification is GNU, found in "/home/dev/OpengL/cube/CMakeFiles/CompilerIdCXX/a.out"

Determining if the C compiler works passed with the following output:
Change Dir: /home/dev/OpengL/cube/CMakeFiles/CMakeTmp

Run Build Command:/usr/bin/make "cmTryCompileExec1074170778/fast"
/usr/bin/make -f CMakeFiles/cmTryCompileExec1074170778.dir/build.make CMakeFiles/cmTryCompileExec1074170778.dir/build
make[1]: Entering directory `/home/dev/OpengL/cube/CMakeFiles/CMakeTmp'
/usr/local/bin/cmake -E cmake_progress_report /home/dev/OpengL/cube/CMakeFiles/CMakeTmp/CMakeFiles 1
Building C object CMakeFiles/cmTryCompileExec1074170778.dir/testCCompiler.c.o
/usr/bin/gcc    -o CMakeFiles/cmTryCompileExec1074170778.dir/testCCompiler.c.o   -c /home/dev/OpengL/cube/CMakeFiles/CMakeTmp/testCCompiler.c
Linking C executable cmTryCompileExec1074170778
/usr/local/bin/cmake -E cmake_link_script CMakeFiles/cmTryCompileExec1074170778.dir/link.txt --verbose=1
/usr/bin/gcc         CMakeFiles/cmTryCompileExec1074170778.dir/testCCompiler.c.o  -o cmTryCompileExec1074170778 -rdynamic 
make[1]: Leaving directory `/home/dev/OpengL/cube/CMakeFiles/CMakeTmp'


Detecting C compiler ABI info compiled with the following output:
Change Dir: /home/dev/OpengL/cube/CMakeFiles/CMakeTmp

Run Build Command:/usr/bin/make "cmTryCompileExec4207424070/fast"
/usr/bin/make -f CMakeFiles/cmTryCompileExec4207424070.dir/build.make CMakeFiles/cmTryCompileExec4207424070.dir/build
make[1]: Entering directory `/home/dev/OpengL/cube/CMakeFiles/CMakeTmp'
/usr/local/bin/cmake -E cmake_progress_report /home/dev/OpengL/cube/CMakeFiles/CMakeTmp/CMakeFiles 1
Building C object CMakeFiles/cmTryCompileExec4207424070.dir/CMakeCCompilerABI.c.o
/usr/bin/gcc    -o CMakeFiles/cmTryCompileExec4207424070.dir/CMakeCCompilerABI.c.o   -c /usr/local/share/cmake-2.8/Modules/CMakeCCompilerABI.c
Linking C executable cmTryCompileExec4207424070
/usr/local/bin/cmake -E cmake_link_script CMakeFiles/cmTryCompileExec4207424070.dir/link.txt --verbose=1
/usr/bin/gcc       -v CMakeFiles/cmTryCompileExec4207424070.dir/CMakeCCompilerABI.c.o  -o cmTryCompileExec4207424070 -rdynamic  
Using built-in specs.
COLLECT_GCC=/usr/bin/gcc
COLLECT_LTO_WRAPPER=/usr/lib/gcc/i686-linux-gnu/4.6.1/lto-wrapper
Target: i686-linux-gnu
Configured with: ../src/configure -v --with-pkgversion='Ubuntu/Linaro 4.6.1-9ubuntu3' --with-bugurl=file:///usr/share/doc/gcc-4.6/README.Bugs --enable-languages=c,c++,fortran,objc,obj-c++,go --prefix=/usr --program-suffix=-4.6 --enable-shared --enable-linker-build-id --with-system-zlib --libexecdir=/usr/lib --without-included-gettext --enable-threads=posix --with-gxx-include-dir=/usr/include/c++/4.6 --libdir=/usr/lib --enable-nls --with-sysroot=/ --enable-clocale=gnu --enable-libstdcxx-debug --enable-libstdcxx-time=yes --enable-plugin --enable-objc-gc --enable-targets=all --disable-werror --with-arch-32=i686 --with-tune=generic --enable-checking=release --build=i686-linux-gnu --host=i686-linux-gnu --target=i686-linux-gnu
Thread model: posix
gcc version 4.6.1 (Ubuntu/Linaro 4.6.1-9ubuntu3) 
COMPILER_PATH=/usr/lib/gcc/i686-linux-gnu/4.6.1/:/usr/lib/gcc/i686-linux-gnu/4.6.1/:/usr/lib/gcc/i686-linux-gnu/:/usr/lib/gcc/i686-linux-gnu/4.6.1/:/usr/lib/gcc/i686-linux-gnu/
LIBRARY_PATH=/usr/lib/gcc/i686-linux-gnu/4.6.1/:/usr/lib/gcc/i686-linux-gnu/4.6.1/../../../i386-linux-gnu/:/usr/lib/gcc/i686-linux-gnu/4.6.1/../../../../lib/:/lib/i386-linux-gnu/:/lib/../lib/:/usr/lib/i386-linux-gnu/:/usr/lib/../lib/:/usr/lib/gcc/i686-linux-gnu/4.6.1/../../../:/lib/:/usr/lib/
COLLECT_GCC_OPTIONS='-v' '-o' 'cmTryCompileExec4207424070' '-rdynamic' '-mtune=generic' '-march=i686'
 /usr/lib/gcc/i686-linux-gnu/4.6.1/collect2 --build-id --no-add-needed --as-needed --eh-frame-hdr -m elf_i386 --hash-style=gnu -export-dynamic -dynamic-linker /lib/ld-linux.so.2 -z relro -o cmTryCompileExec4207424070 /usr/lib/gcc/i686-linux-gnu/4.6.1/../../../i386-linux-gnu/crt1.o /usr/lib/gcc/i686-linux-gnu/4.6.1/../../../i386-linux-gnu/crti.o /usr/lib/gcc/i686-linux-gnu/4.6.1/crtbegin.o -L/usr/lib/gcc/i686-linux-gnu/4.6.1 -L/usr/lib/gcc/i686-linux-gnu/4.6.1/../../../i386-linux-gnu -L/usr/lib/gcc/i686-linux-gnu/4.6.1/../../../../lib -L/lib/i386-linux-gnu -L/lib/../lib -L/usr/lib/i386-linux-gnu -L/usr/lib/../lib -L/usr/lib/gcc/i686-linux-gnu/4.6.1/../../.. CMakeFiles/cmTryCompileExec4207424070.dir/CMakeCCompilerABI.c.o -lgcc --as-needed -lgcc_s --no-as-needed -lc -lgcc --as-needed -lgcc_s --no-as-needed /usr/lib/gcc/i686-linux-gnu/4.6.1/crtend.o /usr/lib/gcc/i686-linux-gnu/4.6.1/../../../i386-linux-gnu/crtn.o
make[1]: Leaving directory `/home/dev/OpengL/cube/CMakeFiles/CMakeTmp'


Parsed C implicit link information from above output:
  link line regex: [^( *|.*[/\])(ld|ld|collect2)[^/\]*( |$)]
  ignore line: [Change Dir: /home/dev/OpengL/cube/CMakeFiles/CMakeTmp]
  ignore line: []
  ignore line: [Run Build Command:/usr/bin/make "cmTryCompileExec4207424070/fast"]
  ignore line: [/usr/bin/make -f CMakeFiles/cmTryCompileExec4207424070.dir/build.make CMakeFiles/cmTryCompileExec4207424070.dir/build]
  ignore line: [make[1]: Entering directory `/home/dev/OpengL/cube/CMakeFiles/CMakeTmp']
  ignore line: [/usr/local/bin/cmake -E cmake_progress_report /home/dev/OpengL/cube/CMakeFiles/CMakeTmp/CMakeFiles 1]
  ignore line: [Building C object CMakeFiles/cmTryCompileExec4207424070.dir/CMakeCCompilerABI.c.o]
  ignore line: [/usr/bin/gcc    -o CMakeFiles/cmTryCompileExec4207424070.dir/CMakeCCompilerABI.c.o   -c /usr/local/share/cmake-2.8/Modules/CMakeCCompilerABI.c]
  ignore line: [Linking C executable cmTryCompileExec4207424070]
  ignore line: [/usr/local/bin/cmake -E cmake_link_script CMakeFiles/cmTryCompileExec4207424070.dir/link.txt --verbose=1]
  ignore line: [/usr/bin/gcc       -v CMakeFiles/cmTryCompileExec4207424070.dir/CMakeCCompilerABI.c.o  -o cmTryCompileExec4207424070 -rdynamic  ]
  ignore line: [Using built-in specs.]
  ignore line: [COLLECT_GCC=/usr/bin/gcc]
  ignore line: [COLLECT_LTO_WRAPPER=/usr/lib/gcc/i686-linux-gnu/4.6.1/lto-wrapper]
  ignore line: [Target: i686-linux-gnu]
  ignore line: [Configured with: ../src/configure -v --with-pkgversion='Ubuntu/Linaro 4.6.1-9ubuntu3' --with-bugurl=file:///usr/share/doc/gcc-4.6/README.Bugs --enable-languages=c,c++,fortran,objc,obj-c++,go --prefix=/usr --program-suffix=-4.6 --enable-shared --enable-linker-build-id --with-system-zlib --libexecdir=/usr/lib --without-included-gettext --enable-threads=posix --with-gxx-include-dir=/usr/include/c++/4.6 --libdir=/usr/lib --enable-nls --with-sysroot=/ --enable-clocale=gnu --enable-libstdcxx-debug --enable-libstdcxx-time=yes --enable-plugin --enable-objc-gc --enable-targets=all --disable-werror --with-arch-32=i686 --with-tune=generic --enable-checking=release --build=i686-linux-gnu --host=i686-linux-gnu --target=i686-linux-gnu]
  ignore line: [Thread model: posix]
  ignore line: [gcc version 4.6.1 (Ubuntu/Linaro 4.6.1-9ubuntu3) ]
  ignore line: [COMPILER_PATH=/usr/lib/gcc/i686-linux-gnu/4.6.1/:/usr/lib/gcc/i686-linux-gnu/4.6.1/:/usr/lib/gcc/i686-linux-gnu/:/usr/lib/gcc/i686-linux-gnu/4.6.1/:/usr/lib/gcc/i686-linux-gnu/]
  ignore line: [LIBRARY_PATH=/usr/lib/gcc/i686-linux-gnu/4.6.1/:/usr/lib/gcc/i686-linux-gnu/4.6.1/../../../i386-linux-gnu/:/usr/lib/gcc/i686-linux-gnu/4.6.1/../../../../lib/:/lib/i386-linux-gnu/:/lib/../lib/:/usr/lib/i386-linux-gnu/:/usr/lib/../lib/:/usr/lib/gcc/i686-linux-gnu/4.6.1/../../../:/lib/:/usr/lib/]
  ignore line: [COLLECT_GCC_OPTIONS='-v' '-o' 'cmTryCompileExec4207424070' '-rdynamic' '-mtune=generic' '-march=i686']
  link line: [ /usr/lib/gcc/i686-linux-gnu/4.6.1/collect2 --build-id --no-add-needed --as-needed --eh-frame-hdr -m elf_i386 --hash-style=gnu -export-dynamic -dynamic-linker /lib/ld-linux.so.2 -z relro -o cmTryCompileExec4207424070 /usr/lib/gcc/i686-linux-gnu/4.6.1/../../../i386-linux-gnu/crt1.o /usr/lib/gcc/i686-linux-gnu/4.6.1/../../../i386-linux-gnu/crti.o /usr/lib/gcc/i686-linux-gnu/4.6.1/crtbegin.o -L/usr/lib/gcc/i686-linux-gnu/4.6.1 -L/usr/lib/gcc/i686-linux-gnu/4.6.1/../../../i386-linux-gnu -L/usr/lib/gcc/i686-linux-gnu/4.6.1/../../../../lib -L/lib/i386-linux-gnu -L/lib/../lib -L/usr/lib/i386-linux-gnu -L/usr/lib/../lib -L/usr/lib/gcc/i686-linux-gnu/4.6.1/../../.. CMakeFiles/cmTryCompileExec4207424070.dir/CMakeCCompilerABI.c.o -lgcc --as-needed -lgcc_s --no-as-needed -lc -lgcc --as-needed -lgcc_s --no-as-needed /usr/lib/gcc/i686-linux-gnu/4.6.1/crtend.o /usr/lib/gcc/i686-linux-gnu/4.6.1/../../../i386-linux-gnu/crtn.o]
    arg [/usr/lib/gcc/i686-linux-gnu/4.6.1/collect2] ==> ignore
    arg [--build-id] ==> ignore
    arg [--no-add-needed] ==> ignore
    arg [--as-needed] ==> ignore
    arg [--eh-frame-hdr] ==> ignore
    arg [-m] ==> ignore
    arg [elf_i386] ==> ignore
    arg [--hash-style=gnu] ==> ignore
    arg [-export-dynamic] ==> ignore
    arg [-dynamic-linker] ==> ignore
    arg [/lib/ld-linux.so.2] ==> ignore
    arg [-zrelro] ==> ignore
    arg [-o] ==> ignore
    arg [cmTryCompileExec4207424070] ==> ignore
    arg [/usr/lib/gcc/i686-linux-gnu/4.6.1/../../../i386-linux-gnu/crt1.o] ==> ignore
    arg [/usr/lib/gcc/i686-linux-gnu/4.6.1/../../../i386-linux-gnu/crti.o] ==> ignore
    arg [/usr/lib/gcc/i686-linux-gnu/4.6.1/crtbegin.o] ==> ignore
    arg [-L/usr/lib/gcc/i686-linux-gnu/4.6.1] ==> dir [/usr/lib/gcc/i686-linux-gnu/4.6.1]
    arg [-L/usr/lib/gcc/i686-linux-gnu/4.6.1/../../../i386-linux-gnu] ==> dir [/usr/lib/gcc/i686-linux-gnu/4.6.1/../../../i386-linux-gnu]
    arg [-L/usr/lib/gcc/i686-linux-gnu/4.6.1/../../../../lib] ==> dir [/usr/lib/gcc/i686-linux-gnu/4.6.1/../../../../lib]
    arg [-L/lib/i386-linux-gnu] ==> dir [/lib/i386-linux-gnu]
    arg [-L/lib/../lib] ==> dir [/lib/../lib]
    arg [-L/usr/lib/i386-linux-gnu] ==> dir [/usr/lib/i386-linux-gnu]
    arg [-L/usr/lib/../lib] ==> dir [/usr/lib/../lib]
    arg [-L/usr/lib/gcc/i686-linux-gnu/4.6.1/../../..] ==> dir [/usr/lib/gcc/i686-linux-gnu/4.6.1/../../..]
    arg [CMakeFiles/cmTryCompileExec4207424070.dir/CMakeCCompilerABI.c.o] ==> ignore
    arg [-lgcc] ==> lib [gcc]
    arg [--as-needed] ==> ignore
    arg [-lgcc_s] ==> lib [gcc_s]
    arg [--no-as-needed] ==> ignore
    arg [-lc] ==> lib [c]
    arg [-lgcc] ==> lib [gcc]
    arg [--as-needed] ==> ignore
    arg [-lgcc_s] ==> lib [gcc_s]
    arg [--no-as-needed] ==> ignore
    arg [/usr/lib/gcc/i686-linux-gnu/4.6.1/crtend.o] ==> ignore
    arg [/usr/lib/gcc/i686-linux-gnu/4.6.1/../../../i386-linux-gnu/crtn.o] ==> ignore
  remove lib [gcc]
  remove lib [gcc_s]
  remove lib [gcc]
  remove lib [gcc_s]
  collapse dir [/usr/lib/gcc/i686-linux-gnu/4.6.1] ==> [/usr/lib/gcc/i686-linux-gnu/4.6.1]
  collapse dir [/usr/lib/gcc/i686-linux-gnu/4.6.1/../../../i386-linux-gnu] ==> [/usr/lib/i386-linux-gnu]
  collapse dir [/usr/lib/gcc/i686-linux-gnu/4.6.1/../../../../lib] ==> [/usr/lib]
  collapse dir [/lib/i386-linux-gnu] ==> [/lib/i386-linux-gnu]
  collapse dir [/lib/../lib] ==> [/lib]
  collapse dir [/usr/lib/i386-linux-gnu] ==> [/usr/lib/i386-linux-gnu]
  collapse dir [/usr/lib/../lib] ==> [/usr/lib]
  collapse dir [/usr/lib/gcc/i686-linux-gnu/4.6.1/../../..] ==> [/usr/lib]
  implicit libs: [c]
  implicit dirs: [/usr/lib/gcc/i686-linux-gnu/4.6.1;/usr/lib/i386-linux-gnu;/usr/lib;/lib/i386-linux-gnu;/lib]


Determining if the CXX compiler works passed with the following output:
Change Dir: /home/dev/OpengL/cube/CMakeFiles/CMakeTmp

Run Build Command:/usr/bin/make "cmTryCompileExec2799369066/fast"
/usr/bin/make -f CMakeFiles/cmTryCompileExec2799369066.dir/build.make CMakeFiles/cmTryCompileExec2799369066.dir/build
make[1]: Entering directory `/home/dev/OpengL/cube/CMakeFiles/CMakeTmp'
/usr/local/bin/cmake -E cmake_progress_report /home/dev/OpengL/cube/CMakeFiles/CMakeTmp/CMakeFiles 1
Building CXX object CMakeFiles/cmTryCompileExec2799369066.dir/testCXXCompiler.cxx.o
/usr/bin/c++     -o CMakeFiles/cmTryCompileExec2799369066.dir/testCXXCompiler.cxx.o -c /home/dev/OpengL/cube/CMakeFiles/CMakeTmp/testCXXCompiler.cxx
Linking CXX executable cmTryCompileExec2799369066
/usr/local/bin/cmake -E cmake_link_script CMakeFiles/cmTryCompileExec2799369066.dir/link.txt --verbose=1
/usr/bin/c++          CMakeFiles/cmTryCompileExec2799369066.dir/testCXXCompiler.cxx.o  -o cmTryCompileExec2799369066 -rdynamic 
make[1]: Leaving directory `/home/dev/OpengL/cube/CMakeFiles/CMakeTmp'


Detecting CXX compiler ABI info compiled with the following output:
Change Dir: /home/dev/OpengL/cube/CMakeFiles/CMakeTmp

Run Build Command:/usr/bin/make "cmTryCompileExec2944622842/fast"
/usr/bin/make -f CMakeFiles/cmTryCompileExec2944622842.dir/build.make CMakeFiles/cmTryCompileExec2944622842.dir/build
make[1]: Entering directory `/home/dev/OpengL/cube/CMakeFiles/CMakeTmp'
/usr/local/bin/cmake -E cmake_progress_report /home/dev/OpengL/cube/CMakeFiles/CMakeTmp/CMakeFiles 1
Building CXX object CMakeFiles/cmTryCompileExec2944622842.dir/CMakeCXXCompilerABI.cpp.o
/usr/bin/c++     -o CMakeFiles/cmTryCompileExec2944622842.dir/CMakeCXXCompilerABI.cpp.o -c /usr/local/share/cmake-2.8/Modules/CMakeCXXCompilerABI.cpp
Linking CXX executable cmTryCompileExec2944622842
/usr/local/bin/cmake -E cmake_link_script CMakeFiles/cmTryCompileExec2944622842.dir/link.txt --verbose=1
/usr/bin/c++        -v CMakeFiles/cmTryCompileExec2944622842.dir/CMakeCXXCompilerABI.cpp.o  -o cmTryCompileExec2944622842 -rdynamic  
Using built-in specs.
COLLECT_GCC=/usr/bin/c++
COLLECT_LTO_WRAPPER=/usr/lib/gcc/i686-linux-gnu/4.6.1/lto-wrapper
Target: i686-linux-gnu
Configured with: ../src/configure -v --with-pkgversion='Ubuntu/Linaro 4.6.1-9ubuntu3' --with-bugurl=file:///usr/share/doc/gcc-4.6/README.Bugs --enable-languages=c,c++,fortran,objc,obj-c++,go --prefix=/usr --program-suffix=-4.6 --enable-shared --enable-linker-build-id --with-system-zlib --libexecdir=/usr/lib --without-included-gettext --enable-threads=posix --with-gxx-include-dir=/usr/include/c++/4.6 --libdir=/usr/lib --enable-nls --with-sysroot=/ --enable-clocale=gnu --enable-libstdcxx-debug --enable-libstdcxx-time=yes --enable-plugin --enable-objc-gc --enable-targets=all --disable-werror --with-arch-32=i686 --with-tune=generic --enable-checking=release --build=i686-linux-gnu --host=i686-linux-gnu --target=i686-linux-gnu
Thread model: posix
gcc version 4.6.1 (Ubuntu/Linaro 4.6.1-9ubuntu3) 
COMPILER_PATH=/usr/lib/gcc/i686-linux-gnu/4.6.1/:/usr/lib/gcc/i686-linux-gnu/4.6.1/:/usr/lib/gcc/i686-linux-gnu/:/usr/lib/gcc/i686-linux-gnu/4.6.1/:/usr/lib/gcc/i686-linux-gnu/
LIBRARY_PATH=/usr/lib/gcc/i686-linux-gnu/4.6.1/:/usr/lib/gcc/i686-linux-gnu/4.6.1/../../../i386-linux-gnu/:/usr/lib/gcc/i686-linux-gnu/4.6.1/../../../../lib/:/lib/i386-linux-gnu/:/lib/../lib/:/usr/lib/i386-linux-gnu/:/usr/lib/../lib/:/usr/lib/gcc/i686-linux-gnu/4.6.1/../../../:/lib/:/usr/lib/
COLLECT_GCC_OPTIONS='-v' '-o' 'cmTryCompileExec2944622842' '-rdynamic' '-shared-libgcc' '-mtune=generic' '-march=i686'
 /usr/lib/gcc/i686-linux-gnu/4.6.1/collect2 --build-id --no-add-needed --as-needed --eh-frame-hdr -m elf_i386 --hash-style=gnu -export-dynamic -dynamic-linker /lib/ld-linux.so.2 -z relro -o cmTryCompileExec2944622842 /usr/lib/gcc/i686-linux-gnu/4.6.1/../../../i386-linux-gnu/crt1.o /usr/lib/gcc/i686-linux-gnu/4.6.1/../../../i386-linux-gnu/crti.o /usr/lib/gcc/i686-linux-gnu/4.6.1/crtbegin.o -L/usr/lib/gcc/i686-linux-gnu/4.6.1 -L/usr/lib/gcc/i686-linux-gnu/4.6.1/../../../i386-linux-gnu -L/usr/lib/gcc/i686-linux-gnu/4.6.1/../../../../lib -L/lib/i386-linux-gnu -L/lib/../lib -L/usr/lib/i386-linux-gnu -L/usr/lib/../lib -L/usr/lib/gcc/i686-linux-gnu/4.6.1/../../.. CMakeFiles/cmTryCompileExec2944622842.dir/CMakeCXXCompilerABI.cpp.o -lstdc++ -lm -lgcc_s -lgcc -lc -lgcc_s -lgcc /usr/lib/gcc/i686-linux-gnu/4.6.1/crtend.o /usr/lib/gcc/i686-linux-gnu/4.6.1/../../../i386-linux-gnu/crtn.o
make[1]: Leaving directory `/home/dev/OpengL/cube/CMakeFiles/CMakeTmp'


Parsed CXX implicit link information from above output:
  link line regex: [^( *|.*[/\])(ld|ld|collect2)[^/\]*( |$)]
  ignore line: [Change Dir: /home/dev/OpengL/cube/CMakeFiles/CMakeTmp]
  ignore line: []
  ignore line: [Run Build Command:/usr/bin/make "cmTryCompileExec2944622842/fast"]
  ignore line: [/usr/bin/make -f CMakeFiles/cmTryCompileExec2944622842.dir/build.make CMakeFiles/cmTryCompileExec2944622842.dir/build]
  ignore line: [make[1]: Entering directory `/home/dev/OpengL/cube/CMakeFiles/CMakeTmp']
  ignore line: [/usr/local/bin/cmake -E cmake_progress_report /home/dev/OpengL/cube/CMakeFiles/CMakeTmp/CMakeFiles 1]
  ignore line: [Building CXX object CMakeFiles/cmTryCompileExec2944622842.dir/CMakeCXXCompilerABI.cpp.o]
  ignore line: [/usr/bin/c++     -o CMakeFiles/cmTryCompileExec2944622842.dir/CMakeCXXCompilerABI.cpp.o -c /usr/local/share/cmake-2.8/Modules/CMakeCXXCompilerABI.cpp]
  ignore line: [Linking CXX executable cmTryCompileExec2944622842]
  ignore line: [/usr/local/bin/cmake -E cmake_link_script CMakeFiles/cmTryCompileExec2944622842.dir/link.txt --verbose=1]
  ignore line: [/usr/bin/c++        -v CMakeFiles/cmTryCompileExec2944622842.dir/CMakeCXXCompilerABI.cpp.o  -o cmTryCompileExec2944622842 -rdynamic  ]
  ignore line: [Using built-in specs.]
  ignore line: [COLLECT_GCC=/usr/bin/c++]
  ignore line: [COLLECT_LTO_WRAPPER=/usr/lib/gcc/i686-linux-gnu/4.6.1/lto-wrapper]
  ignore line: [Target: i686-linux-gnu]
  ignore line: [Configured with: ../src/configure -v --with-pkgversion='Ubuntu/Linaro 4.6.1-9ubuntu3' --with-bugurl=file:///usr/share/doc/gcc-4.6/README.Bugs --enable-languages=c,c++,fortran,objc,obj-c++,go --prefix=/usr --program-suffix=-4.6 --enable-shared --enable-linker-build-id --with-system-zlib --libexecdir=/usr/lib --without-included-gettext --enable-threads=posix --with-gxx-include-dir=/usr/include/c++/4.6 --libdir=/usr/lib --enable-nls --with-sysroot=/ --enable-clocale=gnu --enable-libstdcxx-debug --enable-libstdcxx-time=yes --enable-plugin --enable-objc-gc --enable-targets=all --disable-werror --with-arch-32=i686 --with-tune=generic --enable-checking=release --build=i686-linux-gnu --host=i686-linux-gnu --target=i686-linux-gnu]
  ignore line: [Thread model: posix]
  ignore line: [gcc version 4.6.1 (Ubuntu/Linaro 4.6.1-9ubuntu3) ]
  ignore line: [COMPILER_PATH=/usr/lib/gcc/i686-linux-gnu/4.6.1/:/usr/lib/gcc/i686-linux-gnu/4.6.1/:/usr/lib/gcc/i686-linux-gnu/:/usr/lib/gcc/i686-linux-gnu/4.6.1/:/usr/lib/gcc/i686-linux-gnu/]
  ignore line: [LIBRARY_PATH=/usr/lib/gcc/i686-linux-gnu/4.6.1/:/usr/lib/gcc/i686-linux-gnu/4.6.1/../../../i386-linux-gnu/:/usr/lib/gcc/i686-linux-gnu/4.6.1/../../../../lib/:/lib/i386-linux-gnu/:/lib/../lib/:/usr/lib/i386-linux-gnu/:/usr/lib/../lib/:/usr/lib/gcc/i686-linux-gnu/4.6.1/../../../:/lib/:/usr/lib/]
  ignore line: [COLLECT_GCC_OPTIONS='-v' '-o' 'cmTryCompileExec2944622842' '-rdynamic' '-shared-libgcc' '-mtune=generic' '-march=i686']
  link line: [ /usr/lib/gcc/i686-linux-gnu/4.6.1/collect2 --build-id --no-add-needed --as-needed --eh-frame-hdr -m elf_i386 --hash-style=gnu -export-dynamic -dynamic-linker /lib/ld-linux.so.2 -z relro -o cmTryCompileExec2944622842 /usr/lib/gcc/i686-linux-gnu/4.6.1/../../../i386-linux-gnu/crt1.o /usr/lib/gcc/i686-linux-gnu/4.6.1/../../../i386-linux-gnu/crti.o /usr/lib/gcc/i686-linux-gnu/4.6.1/crtbegin.o -L/usr/lib/gcc/i686-linux-gnu/4.6.1 -L/usr/lib/gcc/i686-linux-gnu/4.6.1/../../../i386-linux-gnu -L/usr/lib/gcc/i686-linux-gnu/4.6.1/../../../../lib -L/lib/i386-linux-gnu -L/lib/../lib -L/usr/lib/i386-linux-gnu -L/usr/lib/../lib -L/usr/lib/gcc/i686-linux-gnu/4.6.1/../../.. CMakeFiles/cmTryCompileExec2944622842.dir/CMakeCXXCompilerABI.cpp.o -lstdc++ -lm -lgcc_s -lgcc -lc -lgcc_s -lgcc /usr/lib/gcc/i686-linux-gnu/4.6.1/crtend.o /usr/lib/gcc/i686-linux-gnu/4.6.1/../../../i386-linux-gnu/crtn.o]
    arg [/usr/lib/gcc/i686-linux-gnu/4.6.1/collect2] ==> ignore
    arg [--build-id] ==> ignore
    arg [--no-add-needed] ==> ignore
    arg [--as-needed] ==> ignore
    arg [--eh-frame-hdr] ==> ignore
    arg [-m] ==> ignore
    arg [elf_i386] ==> ignore
    arg [--hash-style=gnu] ==> ignore
    arg [-export-dynamic] ==> ignore
    arg [-dynamic-linker] ==> ignore
    arg [/lib/ld-linux.so.2] ==> ignore
    arg [-zrelro] ==> ignore
    arg [-o] ==> ignore
    arg [cmTryCompileExec2944622842] ==> ignore
    arg [/usr/lib/gcc/i686-linux-gnu/4.6.1/../../../i386-linux-gnu/crt1.o] ==> ignore
    arg [/usr/lib/gcc/i686-linux-gnu/4.6.1/../../../i386-linux-gnu/crti.o] ==> ignore
    arg [/usr/lib/gcc/i686-linux-gnu/4.6.1/crtbegin.o] ==> ignore
    arg [-L/usr/lib/gcc/i686-linux-gnu/4.6.1] ==> dir [/usr/lib/gcc/i686-linux-gnu/4.6.1]
    arg [-L/usr/lib/gcc/i686-linux-gnu/4.6.1/../../../i386-linux-gnu] ==> dir [/usr/lib/gcc/i686-linux-gnu/4.6.1/../../../i386-linux-gnu]
    arg [-L/usr/lib/gcc/i686-linux-gnu/4.6.1/../../../../lib] ==> dir [/usr/lib/gcc/i686-linux-gnu/4.6.1/../../../../lib]
    arg [-L/lib/i386-linux-gnu] ==> dir [/lib/i386-linux-gnu]
    arg [-L/lib/../lib] ==> dir [/lib/../lib]
    arg [-L/usr/lib/i386-linux-gnu] ==> dir [/usr/lib/i386-linux-gnu]
    arg [-L/usr/lib/../lib] ==> dir [/usr/lib/../lib]
    arg [-L/usr/lib/gcc/i686-linux-gnu/4.6.1/../../..] ==> dir [/usr/lib/gcc/i686-linux-gnu/4.6.1/../../..]
    arg [CMakeFiles/cmTryCompileExec2944622842.dir/CMakeCXXCompilerABI.cpp.o] ==> ignore
    arg [-lstdc++] ==> lib [stdc++]
    arg [-lm] ==> lib [m]
    arg [-lgcc_s] ==> lib [gcc_s]
    arg [-lgcc] ==> lib [gcc]
    arg [-lc] ==> lib [c]
    arg [-lgcc_s] ==> lib [gcc_s]
    arg [-lgcc] ==> lib [gcc]
    arg [/usr/lib/gcc/i686-linux-gnu/4.6.1/crtend.o] ==> ignore
    arg [/usr/lib/gcc/i686-linux-gnu/4.6.1/../../../i386-linux-gnu/crtn.o] ==> ignore
  remove lib [gcc_s]
  remove lib [gcc]
  remove lib [gcc_s]
  remove lib [gcc]
  collapse dir [/usr/lib/gcc/i686-linux-gnu/4.6.1] ==> [/usr/lib/gcc/i686-linux-gnu/4.6.1]
  collapse dir [/usr/lib/gcc/i686-linux-gnu/4.6.1/../../../i386-linux-gnu] ==> [/usr/lib/i386-linux-gnu]
  collapse dir [/usr/lib/gcc/i686-linux-gnu/4.6.1/../../../../lib] ==> [/usr/lib]
  collapse dir [/lib/i386-linux-gnu] ==> [/lib/i386-linux-gnu]
  collapse dir [/lib/../lib] ==> [/lib]
  collapse dir [/usr/lib/i386-linux-gnu] ==> [/usr/lib/i386-linux-gnu]
  collapse dir [/usr/lib/../lib] ==> [/usr/lib]
  collapse dir [/usr/lib/gcc/i686-linux-gnu/4.6.1/../../..] ==> [/usr/lib]
  implicit libs: [stdc++;m;c]
  implicit dirs: [/usr/lib/gcc/i686-linux-gnu/4.6.1;/usr/lib/i386-linux-gnu;/usr/lib;/lib/i386-linux-gnu;/lib]


Determining if the function XOpenDisplay exists in the /usr/lib/i386-linux-gnu/libX11.so;/usr/lib/i386-linux-gnu/libXext.so passed with the following output:
Change Dir: /home/dev/OpengL/cube/CMakeFiles/CMakeTmp

Run Build Command:/usr/bin/make "cmTryCompileExec1790503550/fast"
/usr/bin/make -f CMakeFiles/cmTryCompileExec1790503550.dir/build.make CMakeFiles/cmTryCompileExec1790503550.dir/build
make[1]: Entering directory `/home/dev/OpengL/cube/CMakeFiles/CMakeTmp'
/usr/local/bin/cmake -E cmake_progress_report /home/dev/OpengL/cube/CMakeFiles/CMakeTmp/CMakeFiles 1
Building C object CMakeFiles/cmTryCompileExec1790503550.dir/CheckFunctionExists.c.o
/usr/bin/gcc   -DCHECK_FUNCTION_EXISTS=XOpenDisplay   -o CMakeFiles/cmTryCompileExec1790503550.dir/CheckFunctionExists.c.o   -c /usr/local/share/cmake-2.8/Modules/CheckFunctionExists.c
Linking C executable cmTryCompileExec1790503550
/usr/local/bin/cmake -E cmake_link_script CMakeFiles/cmTryCompileExec1790503550.dir/link.txt --verbose=1
/usr/bin/gcc     -DCHECK_FUNCTION_EXISTS=XOpenDisplay    CMakeFiles/cmTryCompileExec1790503550.dir/CheckFunctionExists.c.o  -o cmTryCompileExec1790503550 -rdynamic -lX11 -lXext 
make[1]: Leaving directory `/home/dev/OpengL/cube/CMakeFiles/CMakeTmp'


Determining if the function gethostbyname exists passed with the following output:
Change Dir: /home/dev/OpengL/cube/CMakeFiles/CMakeTmp

Run Build Command:/usr/bin/make "cmTryCompileExec2835904335/fast"
/usr/bin/make -f CMakeFiles/cmTryCompileExec2835904335.dir/build.make CMakeFiles/cmTryCompileExec2835904335.dir/build
make[1]: Entering directory `/home/dev/OpengL/cube/CMakeFiles/CMakeTmp'
/usr/local/bin/cmake -E cmake_progress_report /home/dev/OpengL/cube/CMakeFiles/CMakeTmp/CMakeFiles 1
Building C object CMakeFiles/cmTryCompileExec2835904335.dir/CheckFunctionExists.c.o
/usr/bin/gcc   -DCHECK_FUNCTION_EXISTS=gethostbyname   -o CMakeFiles/cmTryCompileExec2835904335.dir/CheckFunctionExists.c.o   -c /usr/local/share/cmake-2.8/Modules/CheckFunctionExists.c
Linking C executable cmTryCompileExec2835904335
/usr/local/bin/cmake -E cmake_link_script CMakeFiles/cmTryCompileExec2835904335.dir/link.txt --verbose=1
/usr/bin/gcc     -DCHECK_FUNCTION_EXISTS=gethostbyname    CMakeFiles/cmTryCompileExec2835904335.dir/CheckFunctionExists.c.o  -o cmTryCompileExec2835904335 -rdynamic 
make[1]: Leaving directory `/home/dev/OpengL/cube/CMakeFiles/CMakeTmp'


Determining if the function connect exists passed with the following output:
Change Dir: /home/dev/OpengL/cube/CMakeFiles/CMakeTmp

Run Build Command:/usr/bin/make "cmTryCompileExec3256632321/fast"
/usr/bin/make -f CMakeFiles/cmTryCompileExec3256632321.dir/build.make CMakeFiles/cmTryCompileExec3256632321.dir/build
make[1]: Entering directory `/home/dev/OpengL/cube/CMakeFiles/CMakeTmp'
/usr/local/bin/cmake -E cmake_progress_report /home/dev/OpengL/cube/CMakeFiles/CMakeTmp/CMakeFiles 1
Building C object CMakeFiles/cmTryCompileExec3256632321.dir/CheckFunctionExists.c.o
/usr/bin/gcc   -DCHECK_FUNCTION_EXISTS=connect   -o CMakeFiles/cmTryCompileExec3256632321.dir/CheckFunctionExists.c.o   -c /usr/local/share/cmake-2.8/Modules/CheckFunctionExists.c
Linking C executable cmTryCompileExec3256632321
/usr/local/bin/cmake -E cmake_link_script CMakeFiles/cmTryCompileExec3256632321.dir/link.txt --verbose=1
/usr/bin/gcc     -DCHECK_FUNCTION_EXISTS=connect    CMakeFiles/cmTryCompileExec3256632321.dir/CheckFunctionExists.c.o  -o cmTryCompileExec3256632321 -rdynamic 
make[1]: Leaving directory `/home/dev/OpengL/cube/CMakeFiles/CMakeTmp'


Determining if the function remove exists passed with the following output:
Change Dir: /home/dev/OpengL/cube/CMakeFiles/CMakeTmp

Run Build Command:/usr/bin/make "cmTryCompileExec1348027817/fast"
/usr/bin/make -f CMakeFiles/cmTryCompileExec1348027817.dir/build.make CMakeFiles/cmTryCompileExec1348027817.dir/build
make[1]: Entering directory `/home/dev/OpengL/cube/CMakeFiles/CMakeTmp'
/usr/local/bin/cmake -E cmake_progress_report /home/dev/OpengL/cube/CMakeFiles/CMakeTmp/CMakeFiles 1
Building C object CMakeFiles/cmTryCompileExec1348027817.dir/CheckFunctionExists.c.o
/usr/bin/gcc   -DCHECK_FUNCTION_EXISTS=remove   -o CMakeFiles/cmTryCompileExec1348027817.dir/CheckFunctionExists.c.o   -c /usr/local/share/cmake-2.8/Modules/CheckFunctionExists.c
Linking C executable cmTryCompileExec1348027817
/usr/local/bin/cmake -E cmake_link_script CMakeFiles/cmTryCompileExec1348027817.dir/link.txt --verbose=1
/usr/bin/gcc     -DCHECK_FUNCTION_EXISTS=remove    CMakeFiles/cmTryCompileExec1348027817.dir/CheckFunctionExists.c.o  -o cmTryCompileExec1348027817 -rdynamic 
make[1]: Leaving directory `/home/dev/OpengL/cube/CMakeFiles/CMakeTmp'


Determining if the function shmat exists passed with the following output:
Change Dir: /home/dev/OpengL/cube/CMakeFiles/CMakeTmp

Run Build Command:/usr/bin/make "cmTryCompileExec666281322/fast"
/usr/bin/make -f CMakeFiles/cmTryCompileExec666281322.dir/build.make CMakeFiles/cmTryCompileExec666281322.dir/build
make[1]: Entering directory `/home/dev/OpengL/cube/CMakeFiles/CMakeTmp'
/usr/local/bin/cmake -E cmake_progress_report /home/dev/OpengL/cube/CMakeFiles/CMakeTmp/CMakeFiles 1
Building C object CMakeFiles/cmTryCompileExec666281322.dir/CheckFunctionExists.c.o
/usr/bin/gcc   -DCHECK_FUNCTION_EXISTS=shmat   -o CMakeFiles/cmTryCompileExec666281322.dir/CheckFunctionExists.c.o   -c /usr/local/share/cmake-2.8/Modules/CheckFunctionExists.c
Linking C executable cmTryCompileExec666281322
/usr/local/bin/cmake -E cmake_link_script CMakeFiles/cmTryCompileExec666281322.dir/link.txt --verbose=1
/usr/bin/gcc     -DCHECK_FUNCTION_EXISTS=shmat    CMakeFiles/cmTryCompileExec666281322.dir/CheckFunctionExists.c.o  -o cmTryCompileExec666281322 -rdynamic 
make[1]: Leaving directory `/home/dev/OpengL/cube/CMakeFiles/CMakeTmp'


Determining if the function IceConnectionNumber exists in the ICE passed with the following output:
Change Dir: /home/dev/OpengL/cube/CMakeFiles/CMakeTmp

Run Build Command:/usr/bin/make "cmTryCompileExec995392147/fast"
/usr/bin/make -f CMakeFiles/cmTryCompileExec995392147.dir/build.make CMakeFiles/cmTryCompileExec995392147.dir/build
make[1]: Entering directory `/home/dev/OpengL/cube/CMakeFiles/CMakeTmp'
/usr/local/bin/cmake -E cmake_progress_report /home/dev/OpengL/cube/CMakeFiles/CMakeTmp/CMakeFiles 1
Building C object CMakeFiles/cmTryCompileExec995392147.dir/CheckFunctionExists.c.o
/usr/bin/gcc   -DCHECK_FUNCTION_EXISTS=IceConnectionNumber   -o CMakeFiles/cmTryCompileExec995392147.dir/CheckFunctionExists.c.o   -c /usr/local/share/cmake-2.8/Modules/CheckFunctionExists.c
Linking C executable cmTryCompileExec995392147
/usr/local/bin/cmake -E cmake_link_script CMakeFiles/cmTryCompileExec995392147.dir/link.txt --verbose=1
/usr/bin/gcc     -DCHECK_FUNCTION_EXISTS=IceConnectionNumber    CMakeFiles/cmTryCompileExec995392147.dir/CheckFunctionExists.c.o  -o cmTryCompileExec995392147 -rdynamic -lICE 
make[1]: Leaving directory `/home/dev/OpengL/cube/CMakeFiles/CMakeTmp'


